0 info it worked if it ends with ok
1 verbose cli [ '/usr/local/Cellar/node/5.6.0/bin/node',
1 verbose cli   '/usr/local/bin/npm',
1 verbose cli   'run',
1 verbose cli   'dev' ]
2 info using npm@3.6.0
3 info using node@v5.6.0
4 verbose run-script [ 'predev', 'dev', 'postdev' ]
5 info lifecycle IS@1.0.0~predev: IS@1.0.0
6 silly lifecycle IS@1.0.0~predev: no script for predev, continuing
7 info lifecycle IS@1.0.0~dev: IS@1.0.0
8 verbose lifecycle IS@1.0.0~dev: unsafe-perm in lifecycle true
9 verbose lifecycle IS@1.0.0~dev: PATH: /usr/local/lib/node_modules/npm/bin/node-gyp-bin:/Users/freyjachang/Dev/git/IS/IntelligentService/src/main/webapp/WEB-INF/node_modules/.bin:/usr/local/mysql/bin:/Library/Java/JavaVirtualMachines/jdk1.7.0_79.jdk/Contents/Home/bin:/Users/freyjachang/Documents/apache-maven-3.3.9/bin:/Users/freyjachang/.rvm/gems/ruby-2.2.1/bin:/Users/freyjachang/.rvm/gems/ruby-2.2.1@global/bin:/Users/freyjachang/.rvm/rubies/ruby-2.2.1/bin:/usr/local/bin:/usr/bin:/bin:/usr/sbin:/sbin:/Users/freyjachang/.rvm/bin
10 verbose lifecycle IS@1.0.0~dev: CWD: /Users/freyjachang/Dev/git/IS/IntelligentService/src/main/webapp/WEB-INF
11 silly lifecycle IS@1.0.0~dev: Args: [ '-c',
11 silly lifecycle   'webpack-dev-server --progress --colors --display-error-details --inline --hot --port 3000 --content-base ./build' ]
12 silly lifecycle IS@1.0.0~dev: Returned: code: 1  signal: null
13 info lifecycle IS@1.0.0~dev: Failed to exec dev script
14 verbose stack Error: IS@1.0.0 dev: `webpack-dev-server --progress --colors --display-error-details --inline --hot --port 3000 --content-base ./build`
14 verbose stack Exit status 1
14 verbose stack     at EventEmitter.<anonymous> (/usr/local/lib/node_modules/npm/lib/utils/lifecycle.js:232:16)
14 verbose stack     at emitTwo (events.js:100:13)
14 verbose stack     at EventEmitter.emit (events.js:185:7)
14 verbose stack     at ChildProcess.<anonymous> (/usr/local/lib/node_modules/npm/lib/utils/spawn.js:24:14)
14 verbose stack     at emitTwo (events.js:100:13)
14 verbose stack     at ChildProcess.emit (events.js:185:7)
14 verbose stack     at maybeClose (internal/child_process.js:827:16)
14 verbose stack     at Process.ChildProcess._handle.onexit (internal/child_process.js:211:5)
15 verbose pkgid IS@1.0.0
16 verbose cwd /Users/freyjachang/Dev/git/IS/IntelligentService/src/main/webapp/WEB-INF
17 error Darwin 14.5.0
18 error argv "/usr/local/Cellar/node/5.6.0/bin/node" "/usr/local/bin/npm" "run" "dev"
19 error node v5.6.0
20 error npm  v3.6.0
21 error code ELIFECYCLE
22 error IS@1.0.0 dev: `webpack-dev-server --progress --colors --display-error-details --inline --hot --port 3000 --content-base ./build`
22 error Exit status 1
23 error Failed at the IS@1.0.0 dev script 'webpack-dev-server --progress --colors --display-error-details --inline --hot --port 3000 --content-base ./build'.
23 error Make sure you have the latest version of node.js and npm installed.
23 error If you do, this is most likely a problem with the IS package,
23 error not with npm itself.
23 error Tell the author that this fails on your system:
23 error     webpack-dev-server --progress --colors --display-error-details --inline --hot --port 3000 --content-base ./build
23 error You can get information on how to open an issue for this project with:
23 error     npm bugs IS
23 error Or if that isn't available, you can get their info via:
23 error     npm owner ls IS
23 error There is likely additional logging output above.
24 verbose exit [ 1, true ]
